CRITICAL - 2025-06-11 03:25:52 --> CodeIgniter\Exceptions\CriticalError: The required PHP extension "mysqli" is not loaded. Install and enable it to use "MySQLi" driver.
[Method: GET, Route: bodegas]
in SYSTEMPATH\Database\Database.php on line 182.
 1 SYSTEMPATH\Database\Database.php(59): CodeIgniter\Database\Database->checkDbExtension('MySQLi')
 2 SYSTEMPATH\Database\Config.php(82): CodeIgniter\Database\Database->load([...], 'default')
 3 SYSTEMPATH\Model.php(155): CodeIgniter\Database\Config::connect('default')
 4 APPPATH\Controllers\PaginasController.php(15): CodeIgniter\Model->__construct()
 5 SYSTEMPATH\CodeIgniter.php(933): App\Controllers\PaginasController->verPagina('bodegas')
 6 SYSTEMPATH\CodeIgniter.php(507): CodeIgniter\CodeIgniter->runController(Object(App\Controllers\PaginasController))
 7 SYSTEMPATH\CodeIgniter.php(354): CodeIgniter\CodeIgniter->handleRequest(null, Object(Config\Cache), false)
 8 SYSTEMPATH\Boot.php(334): CodeIgniter\CodeIgniter->run()
 9 SYSTEMPATH\Boot.php(67): CodeIgniter\Boot::runCodeIgniter(Object(CodeIgniter\CodeIgniter))
10 FCPATH\index.php(59): CodeIgniter\Boot::bootWeb(Object(Config\Paths))
CRITICAL - 2025-06-11 03:30:57 --> CodeIgniter\Exceptions\CriticalError: The required PHP extension "mysqli" is not loaded. Install and enable it to use "MySQLi" driver.
[Method: GET, Route: /]
in SYSTEMPATH\Database\Database.php on line 182.
 1 SYSTEMPATH\Database\Database.php(59): CodeIgniter\Database\Database->checkDbExtension('MySQLi')
 2 SYSTEMPATH\Database\Config.php(82): CodeIgniter\Database\Database->load([...], 'default')
 3 SYSTEMPATH\Model.php(155): CodeIgniter\Database\Config::connect('default')
 4 APPPATH\Controllers\PaginasController.php(15): CodeIgniter\Model->__construct()
 5 SYSTEMPATH\CodeIgniter.php(933): App\Controllers\PaginasController->verPagina('', '')
 6 SYSTEMPATH\CodeIgniter.php(507): CodeIgniter\CodeIgniter->runController(Object(App\Controllers\PaginasController))
 7 SYSTEMPATH\CodeIgniter.php(354): CodeIgniter\CodeIgniter->handleRequest(null, Object(Config\Cache), false)
 8 SYSTEMPATH\Boot.php(334): CodeIgniter\CodeIgniter->run()
 9 SYSTEMPATH\Boot.php(67): CodeIgniter\Boot::runCodeIgniter(Object(CodeIgniter\CodeIgniter))
10 FCPATH\index.php(59): CodeIgniter\Boot::bootWeb(Object(Config\Paths))
CRITICAL - 2025-06-11 03:31:32 --> CodeIgniter\Exceptions\CriticalError: The required PHP extension "mysqli" is not loaded. Install and enable it to use "MySQLi" driver.
[Method: GET, Route: bodegas]
in SYSTEMPATH\Database\Database.php on line 182.
 1 SYSTEMPATH\Database\Database.php(59): CodeIgniter\Database\Database->checkDbExtension('MySQLi')
 2 SYSTEMPATH\Database\Config.php(82): CodeIgniter\Database\Database->load([...], 'default')
 3 SYSTEMPATH\Model.php(155): CodeIgniter\Database\Config::connect('default')
 4 APPPATH\Controllers\PaginasController.php(15): CodeIgniter\Model->__construct()
 5 SYSTEMPATH\CodeIgniter.php(933): App\Controllers\PaginasController->verPagina('bodegas')
 6 SYSTEMPATH\CodeIgniter.php(507): CodeIgniter\CodeIgniter->runController(Object(App\Controllers\PaginasController))
 7 SYSTEMPATH\CodeIgniter.php(354): CodeIgniter\CodeIgniter->handleRequest(null, Object(Config\Cache), false)
 8 SYSTEMPATH\Boot.php(334): CodeIgniter\CodeIgniter->run()
 9 SYSTEMPATH\Boot.php(67): CodeIgniter\Boot::runCodeIgniter(Object(CodeIgniter\CodeIgniter))
10 FCPATH\index.php(59): CodeIgniter\Boot::bootWeb(Object(Config\Paths))
CRITICAL - 2025-06-11 03:31:44 --> CodeIgniter\Exceptions\CriticalError: The required PHP extension "mysqli" is not loaded. Install and enable it to use "MySQLi" driver.
[Method: GET, Route: /]
in SYSTEMPATH\Database\Database.php on line 182.
 1 SYSTEMPATH\Database\Database.php(59): CodeIgniter\Database\Database->checkDbExtension('MySQLi')
 2 SYSTEMPATH\Database\Config.php(82): CodeIgniter\Database\Database->load([...], 'default')
 3 SYSTEMPATH\Model.php(155): CodeIgniter\Database\Config::connect('default')
 4 APPPATH\Controllers\PaginasController.php(15): CodeIgniter\Model->__construct()
 5 SYSTEMPATH\CodeIgniter.php(933): App\Controllers\PaginasController->verPagina('', '')
 6 SYSTEMPATH\CodeIgniter.php(507): CodeIgniter\CodeIgniter->runController(Object(App\Controllers\PaginasController))
 7 SYSTEMPATH\CodeIgniter.php(354): CodeIgniter\CodeIgniter->handleRequest(null, Object(Config\Cache), false)
 8 SYSTEMPATH\Boot.php(334): CodeIgniter\CodeIgniter->run()
 9 SYSTEMPATH\Boot.php(67): CodeIgniter\Boot::runCodeIgniter(Object(CodeIgniter\CodeIgniter))
10 FCPATH\index.php(59): CodeIgniter\Boot::bootWeb(Object(Config\Paths))
CRITICAL - 2025-06-11 03:33:33 --> CodeIgniter\Exceptions\CriticalError: The required PHP extension "mysqli" is not loaded. Install and enable it to use "MySQLi" driver.
[Method: GET, Route: /]
in SYSTEMPATH\Database\Database.php on line 182.
 1 SYSTEMPATH\Database\Database.php(59): CodeIgniter\Database\Database->checkDbExtension('MySQLi')
 2 SYSTEMPATH\Database\Config.php(82): CodeIgniter\Database\Database->load([...], 'default')
 3 SYSTEMPATH\Model.php(155): CodeIgniter\Database\Config::connect('default')
 4 APPPATH\Controllers\PaginasController.php(15): CodeIgniter\Model->__construct()
 5 SYSTEMPATH\CodeIgniter.php(933): App\Controllers\PaginasController->verPagina('home')
 6 SYSTEMPATH\CodeIgniter.php(507): CodeIgniter\CodeIgniter->runController(Object(App\Controllers\PaginasController))
 7 SYSTEMPATH\CodeIgniter.php(354): CodeIgniter\CodeIgniter->handleRequest(null, Object(Config\Cache), false)
 8 SYSTEMPATH\Boot.php(334): CodeIgniter\CodeIgniter->run()
 9 SYSTEMPATH\Boot.php(67): CodeIgniter\Boot::runCodeIgniter(Object(CodeIgniter\CodeIgniter))
10 FCPATH\index.php(59): CodeIgniter\Boot::bootWeb(Object(Config\Paths))
CRITICAL - 2025-06-11 03:33:35 --> CodeIgniter\Exceptions\CriticalError: The required PHP extension "mysqli" is not loaded. Install and enable it to use "MySQLi" driver.
[Method: GET, Route: /]
in SYSTEMPATH\Database\Database.php on line 182.
 1 SYSTEMPATH\Database\Database.php(59): CodeIgniter\Database\Database->checkDbExtension('MySQLi')
 2 SYSTEMPATH\Database\Config.php(82): CodeIgniter\Database\Database->load([...], 'default')
 3 SYSTEMPATH\Model.php(155): CodeIgniter\Database\Config::connect('default')
 4 APPPATH\Controllers\PaginasController.php(15): CodeIgniter\Model->__construct()
 5 SYSTEMPATH\CodeIgniter.php(933): App\Controllers\PaginasController->verPagina('home')
 6 SYSTEMPATH\CodeIgniter.php(507): CodeIgniter\CodeIgniter->runController(Object(App\Controllers\PaginasController))
 7 SYSTEMPATH\CodeIgniter.php(354): CodeIgniter\CodeIgniter->handleRequest(null, Object(Config\Cache), false)
 8 SYSTEMPATH\Boot.php(334): CodeIgniter\CodeIgniter->run()
 9 SYSTEMPATH\Boot.php(67): CodeIgniter\Boot::runCodeIgniter(Object(CodeIgniter\CodeIgniter))
10 FCPATH\index.php(59): CodeIgniter\Boot::bootWeb(Object(Config\Paths))
CRITICAL - 2025-06-11 03:33:35 --> CodeIgniter\Exceptions\CriticalError: The required PHP extension "mysqli" is not loaded. Install and enable it to use "MySQLi" driver.
[Method: GET, Route: /]
in SYSTEMPATH\Database\Database.php on line 182.
 1 SYSTEMPATH\Database\Database.php(59): CodeIgniter\Database\Database->checkDbExtension('MySQLi')
 2 SYSTEMPATH\Database\Config.php(82): CodeIgniter\Database\Database->load([...], 'default')
 3 SYSTEMPATH\Model.php(155): CodeIgniter\Database\Config::connect('default')
 4 APPPATH\Controllers\PaginasController.php(15): CodeIgniter\Model->__construct()
 5 SYSTEMPATH\CodeIgniter.php(933): App\Controllers\PaginasController->verPagina('home')
 6 SYSTEMPATH\CodeIgniter.php(507): CodeIgniter\CodeIgniter->runController(Object(App\Controllers\PaginasController))
 7 SYSTEMPATH\CodeIgniter.php(354): CodeIgniter\CodeIgniter->handleRequest(null, Object(Config\Cache), false)
 8 SYSTEMPATH\Boot.php(334): CodeIgniter\CodeIgniter->run()
 9 SYSTEMPATH\Boot.php(67): CodeIgniter\Boot::runCodeIgniter(Object(CodeIgniter\CodeIgniter))
10 FCPATH\index.php(59): CodeIgniter\Boot::bootWeb(Object(Config\Paths))
CRITICAL - 2025-06-11 03:37:07 --> CodeIgniter\View\Exceptions\ViewException: Invalid file: "home.php"
[Method: GET, Route: /]
in SYSTEMPATH\Exceptions\FrameworkException.php on line 39.
 1 SYSTEMPATH\View\View.php(212): CodeIgniter\Exceptions\FrameworkException::forInvalidFile('home.php')
 2 SYSTEMPATH\Common.php(1173): CodeIgniter\View\View->render('home', [], true)
 3 APPPATH\Controllers\Home.php(9): view('home')
 4 SYSTEMPATH\CodeIgniter.php(933): App\Controllers\Home->index()
 5 SYSTEMPATH\CodeIgniter.php(507): CodeIgniter\CodeIgniter->runController(Object(App\Controllers\Home))
 6 SYSTEMPATH\CodeIgniter.php(354): CodeIgniter\CodeIgniter->handleRequest(null, Object(Config\Cache), false)
 7 SYSTEMPATH\Boot.php(334): CodeIgniter\CodeIgniter->run()
 8 SYSTEMPATH\Boot.php(67): CodeIgniter\Boot::runCodeIgniter(Object(CodeIgniter\CodeIgniter))
 9 FCPATH\index.php(59): CodeIgniter\Boot::bootWeb(Object(Config\Paths))
CRITICAL - 2025-06-11 03:37:32 --> CodeIgniter\View\Exceptions\ViewException: Invalid file: "layout/home.php"
[Method: GET, Route: /]
in SYSTEMPATH\Exceptions\FrameworkException.php on line 39.
 1 SYSTEMPATH\View\View.php(212): CodeIgniter\Exceptions\FrameworkException::forInvalidFile('layout/home.php')
 2 SYSTEMPATH\Common.php(1173): CodeIgniter\View\View->render('layout/home', [], true)
 3 APPPATH\Controllers\Home.php(9): view('layout/home')
 4 SYSTEMPATH\CodeIgniter.php(933): App\Controllers\Home->index()
 5 SYSTEMPATH\CodeIgniter.php(507): CodeIgniter\CodeIgniter->runController(Object(App\Controllers\Home))
 6 SYSTEMPATH\CodeIgniter.php(354): CodeIgniter\CodeIgniter->handleRequest(null, Object(Config\Cache), false)
 7 SYSTEMPATH\Boot.php(334): CodeIgniter\CodeIgniter->run()
 8 SYSTEMPATH\Boot.php(67): CodeIgniter\Boot::runCodeIgniter(Object(CodeIgniter\CodeIgniter))
 9 FCPATH\index.php(59): CodeIgniter\Boot::bootWeb(Object(Config\Paths))
CRITICAL - 2025-06-11 03:37:33 --> CodeIgniter\View\Exceptions\ViewException: Invalid file: "layout/home.php"
[Method: GET, Route: /]
in SYSTEMPATH\Exceptions\FrameworkException.php on line 39.
 1 SYSTEMPATH\View\View.php(212): CodeIgniter\Exceptions\FrameworkException::forInvalidFile('layout/home.php')
 2 SYSTEMPATH\Common.php(1173): CodeIgniter\View\View->render('layout/home', [], true)
 3 APPPATH\Controllers\Home.php(9): view('layout/home')
 4 SYSTEMPATH\CodeIgniter.php(933): App\Controllers\Home->index()
 5 SYSTEMPATH\CodeIgniter.php(507): CodeIgniter\CodeIgniter->runController(Object(App\Controllers\Home))
 6 SYSTEMPATH\CodeIgniter.php(354): CodeIgniter\CodeIgniter->handleRequest(null, Object(Config\Cache), false)
 7 SYSTEMPATH\Boot.php(334): CodeIgniter\CodeIgniter->run()
 8 SYSTEMPATH\Boot.php(67): CodeIgniter\Boot::runCodeIgniter(Object(CodeIgniter\CodeIgniter))
 9 FCPATH\index.php(59): CodeIgniter\Boot::bootWeb(Object(Config\Paths))
CRITICAL - 2025-06-11 03:37:34 --> CodeIgniter\View\Exceptions\ViewException: Invalid file: "layout/home.php"
[Method: GET, Route: /]
in SYSTEMPATH\Exceptions\FrameworkException.php on line 39.
 1 SYSTEMPATH\View\View.php(212): CodeIgniter\Exceptions\FrameworkException::forInvalidFile('layout/home.php')
 2 SYSTEMPATH\Common.php(1173): CodeIgniter\View\View->render('layout/home', [], true)
 3 APPPATH\Controllers\Home.php(9): view('layout/home')
 4 SYSTEMPATH\CodeIgniter.php(933): App\Controllers\Home->index()
 5 SYSTEMPATH\CodeIgniter.php(507): CodeIgniter\CodeIgniter->runController(Object(App\Controllers\Home))
 6 SYSTEMPATH\CodeIgniter.php(354): CodeIgniter\CodeIgniter->handleRequest(null, Object(Config\Cache), false)
 7 SYSTEMPATH\Boot.php(334): CodeIgniter\CodeIgniter->run()
 8 SYSTEMPATH\Boot.php(67): CodeIgniter\Boot::runCodeIgniter(Object(CodeIgniter\CodeIgniter))
 9 FCPATH\index.php(59): CodeIgniter\Boot::bootWeb(Object(Config\Paths))
CRITICAL - 2025-06-11 03:38:33 --> CodeIgniter\View\Exceptions\ViewException: Invalid file: "layout/home.php"
[Method: GET, Route: /]
in SYSTEMPATH\Exceptions\FrameworkException.php on line 39.
 1 SYSTEMPATH\View\View.php(212): CodeIgniter\Exceptions\FrameworkException::forInvalidFile('layout/home.php')
 2 SYSTEMPATH\Common.php(1173): CodeIgniter\View\View->render('layout/home', [], true)
 3 APPPATH\Controllers\Home.php(9): view('layout/home')
 4 SYSTEMPATH\CodeIgniter.php(933): App\Controllers\Home->index()
 5 SYSTEMPATH\CodeIgniter.php(507): CodeIgniter\CodeIgniter->runController(Object(App\Controllers\Home))
 6 SYSTEMPATH\CodeIgniter.php(354): CodeIgniter\CodeIgniter->handleRequest(null, Object(Config\Cache), false)
 7 SYSTEMPATH\Boot.php(334): CodeIgniter\CodeIgniter->run()
 8 SYSTEMPATH\Boot.php(67): CodeIgniter\Boot::runCodeIgniter(Object(CodeIgniter\CodeIgniter))
 9 FCPATH\index.php(59): CodeIgniter\Boot::bootWeb(Object(Config\Paths))
CRITICAL - 2025-06-11 03:39:20 --> CodeIgniter\Exceptions\CriticalError: The required PHP extension "mysqli" is not loaded. Install and enable it to use "MySQLi" driver.
[Method: GET, Route: bodegas]
in SYSTEMPATH\Database\Database.php on line 182.
 1 SYSTEMPATH\Database\Database.php(59): CodeIgniter\Database\Database->checkDbExtension('MySQLi')
 2 SYSTEMPATH\Database\Config.php(82): CodeIgniter\Database\Database->load([...], 'default')
 3 SYSTEMPATH\Model.php(155): CodeIgniter\Database\Config::connect('default')
 4 APPPATH\Controllers\PaginasController.php(15): CodeIgniter\Model->__construct()
 5 SYSTEMPATH\CodeIgniter.php(933): App\Controllers\PaginasController->verPagina('bodegas')
 6 SYSTEMPATH\CodeIgniter.php(507): CodeIgniter\CodeIgniter->runController(Object(App\Controllers\PaginasController))
 7 SYSTEMPATH\CodeIgniter.php(354): CodeIgniter\CodeIgniter->handleRequest(null, Object(Config\Cache), false)
 8 SYSTEMPATH\Boot.php(334): CodeIgniter\CodeIgniter->run()
 9 SYSTEMPATH\Boot.php(67): CodeIgniter\Boot::runCodeIgniter(Object(CodeIgniter\CodeIgniter))
10 FCPATH\index.php(59): CodeIgniter\Boot::bootWeb(Object(Config\Paths))
CRITICAL - 2025-06-11 03:43:39 --> CodeIgniter\Exceptions\CriticalError: The required PHP extension "mysqli" is not loaded. Install and enable it to use "MySQLi" driver.
[Method: GET, Route: bodegas]
in SYSTEMPATH\Database\Database.php on line 182.
 1 SYSTEMPATH\Database\Database.php(59): CodeIgniter\Database\Database->checkDbExtension('MySQLi')
 2 SYSTEMPATH\Database\Config.php(82): CodeIgniter\Database\Database->load([...], 'default')
 3 SYSTEMPATH\Model.php(155): CodeIgniter\Database\Config::connect('default')
 4 APPPATH\Controllers\PaginasController.php(15): CodeIgniter\Model->__construct()
 5 SYSTEMPATH\CodeIgniter.php(933): App\Controllers\PaginasController->verPagina('bodegas')
 6 SYSTEMPATH\CodeIgniter.php(507): CodeIgniter\CodeIgniter->runController(Object(App\Controllers\PaginasController))
 7 SYSTEMPATH\CodeIgniter.php(354): CodeIgniter\CodeIgniter->handleRequest(null, Object(Config\Cache), false)
 8 SYSTEMPATH\Boot.php(334): CodeIgniter\CodeIgniter->run()
 9 SYSTEMPATH\Boot.php(67): CodeIgniter\Boot::runCodeIgniter(Object(CodeIgniter\CodeIgniter))
10 FCPATH\index.php(59): CodeIgniter\Boot::bootWeb(Object(Config\Paths))
CRITICAL - 2025-06-11 03:45:01 --> CodeIgniter\Exceptions\CriticalError: The required PHP extension "mysqli" is not loaded. Install and enable it to use "MySQLi" driver.
[Method: GET, Route: bodegas]
in SYSTEMPATH\Database\Database.php on line 182.
 1 SYSTEMPATH\Database\Database.php(59): CodeIgniter\Database\Database->checkDbExtension('MySQLi')
 2 SYSTEMPATH\Database\Config.php(82): CodeIgniter\Database\Database->load([...], 'default')
 3 SYSTEMPATH\Model.php(155): CodeIgniter\Database\Config::connect('default')
 4 APPPATH\Controllers\PaginasController.php(15): CodeIgniter\Model->__construct()
 5 SYSTEMPATH\CodeIgniter.php(933): App\Controllers\PaginasController->verPagina('bodegas')
 6 SYSTEMPATH\CodeIgniter.php(507): CodeIgniter\CodeIgniter->runController(Object(App\Controllers\PaginasController))
 7 SYSTEMPATH\CodeIgniter.php(354): CodeIgniter\CodeIgniter->handleRequest(null, Object(Config\Cache), false)
 8 SYSTEMPATH\Boot.php(334): CodeIgniter\CodeIgniter->run()
 9 SYSTEMPATH\Boot.php(67): CodeIgniter\Boot::runCodeIgniter(Object(CodeIgniter\CodeIgniter))
10 FCPATH\index.php(59): CodeIgniter\Boot::bootWeb(Object(Config\Paths))
CRITICAL - 2025-06-11 03:48:08 --> CodeIgniter\Exceptions\CriticalError: The required PHP extension "mysqli" is not loaded. Install and enable it to use "MySQLi" driver.
[Method: GET, Route: bodegas]
in SYSTEMPATH\Database\Database.php on line 182.
 1 SYSTEMPATH\Database\Database.php(59): CodeIgniter\Database\Database->checkDbExtension('MySQLi')
 2 SYSTEMPATH\Database\Config.php(82): CodeIgniter\Database\Database->load([...], 'default')
 3 SYSTEMPATH\Model.php(155): CodeIgniter\Database\Config::connect('default')
 4 APPPATH\Controllers\PaginasController.php(15): CodeIgniter\Model->__construct()
 5 SYSTEMPATH\CodeIgniter.php(933): App\Controllers\PaginasController->verPagina('bodegas')
 6 SYSTEMPATH\CodeIgniter.php(507): CodeIgniter\CodeIgniter->runController(Object(App\Controllers\PaginasController))
 7 SYSTEMPATH\CodeIgniter.php(354): CodeIgniter\CodeIgniter->handleRequest(null, Object(Config\Cache), false)
 8 SYSTEMPATH\Boot.php(334): CodeIgniter\CodeIgniter->run()
 9 SYSTEMPATH\Boot.php(67): CodeIgniter\Boot::runCodeIgniter(Object(CodeIgniter\CodeIgniter))
10 FCPATH\index.php(59): CodeIgniter\Boot::bootWeb(Object(Config\Paths))
CRITICAL - 2025-06-11 03:49:43 --> CodeIgniter\Exceptions\CriticalError: The required PHP extension "mysqli" is not loaded. Install and enable it to use "MySQLi" driver.
[Method: GET, Route: bodegas]
in SYSTEMPATH\Database\Database.php on line 182.
 1 SYSTEMPATH\Database\Database.php(59): CodeIgniter\Database\Database->checkDbExtension('MySQLi')
 2 SYSTEMPATH\Database\Config.php(82): CodeIgniter\Database\Database->load([...], 'default')
 3 SYSTEMPATH\Model.php(155): CodeIgniter\Database\Config::connect('default')
 4 APPPATH\Controllers\PaginasController.php(15): CodeIgniter\Model->__construct()
 5 SYSTEMPATH\CodeIgniter.php(933): App\Controllers\PaginasController->verPagina('bodegas')
 6 SYSTEMPATH\CodeIgniter.php(507): CodeIgniter\CodeIgniter->runController(Object(App\Controllers\PaginasController))
 7 SYSTEMPATH\CodeIgniter.php(354): CodeIgniter\CodeIgniter->handleRequest(null, Object(Config\Cache), false)
 8 SYSTEMPATH\Boot.php(334): CodeIgniter\CodeIgniter->run()
 9 SYSTEMPATH\Boot.php(67): CodeIgniter\Boot::runCodeIgniter(Object(CodeIgniter\CodeIgniter))
10 FCPATH\index.php(59): CodeIgniter\Boot::bootWeb(Object(Config\Paths))
CRITICAL - 2025-06-11 03:49:45 --> CodeIgniter\Exceptions\CriticalError: The required PHP extension "mysqli" is not loaded. Install and enable it to use "MySQLi" driver.
[Method: GET, Route: bodegas]
in SYSTEMPATH\Database\Database.php on line 182.
 1 SYSTEMPATH\Database\Database.php(59): CodeIgniter\Database\Database->checkDbExtension('MySQLi')
 2 SYSTEMPATH\Database\Config.php(82): CodeIgniter\Database\Database->load([...], 'default')
 3 SYSTEMPATH\Model.php(155): CodeIgniter\Database\Config::connect('default')
 4 APPPATH\Controllers\PaginasController.php(15): CodeIgniter\Model->__construct()
 5 SYSTEMPATH\CodeIgniter.php(933): App\Controllers\PaginasController->verPagina('bodegas')
 6 SYSTEMPATH\CodeIgniter.php(507): CodeIgniter\CodeIgniter->runController(Object(App\Controllers\PaginasController))
 7 SYSTEMPATH\CodeIgniter.php(354): CodeIgniter\CodeIgniter->handleRequest(null, Object(Config\Cache), false)
 8 SYSTEMPATH\Boot.php(334): CodeIgniter\CodeIgniter->run()
 9 SYSTEMPATH\Boot.php(67): CodeIgniter\Boot::runCodeIgniter(Object(CodeIgniter\CodeIgniter))
10 FCPATH\index.php(59): CodeIgniter\Boot::bootWeb(Object(Config\Paths))
CRITICAL - 2025-06-11 03:50:48 --> CodeIgniter\Exceptions\CriticalError: The required PHP extension "mysqli" is not loaded. Install and enable it to use "MySQLi" driver.
[Method: GET, Route: bodegas]
in SYSTEMPATH\Database\Database.php on line 182.
 1 SYSTEMPATH\Database\Database.php(59): CodeIgniter\Database\Database->checkDbExtension('MySQLi')
 2 SYSTEMPATH\Database\Config.php(82): CodeIgniter\Database\Database->load([...], 'default')
 3 SYSTEMPATH\Model.php(155): CodeIgniter\Database\Config::connect('default')
 4 APPPATH\Controllers\PaginasController.php(15): CodeIgniter\Model->__construct()
 5 SYSTEMPATH\CodeIgniter.php(933): App\Controllers\PaginasController->verPagina('bodegas')
 6 SYSTEMPATH\CodeIgniter.php(507): CodeIgniter\CodeIgniter->runController(Object(App\Controllers\PaginasController))
 7 SYSTEMPATH\CodeIgniter.php(354): CodeIgniter\CodeIgniter->handleRequest(null, Object(Config\Cache), false)
 8 SYSTEMPATH\Boot.php(334): CodeIgniter\CodeIgniter->run()
 9 SYSTEMPATH\Boot.php(67): CodeIgniter\Boot::runCodeIgniter(Object(CodeIgniter\CodeIgniter))
10 FCPATH\index.php(59): CodeIgniter\Boot::bootWeb(Object(Config\Paths))
CRITICAL - 2025-06-11 03:50:50 --> CodeIgniter\Exceptions\CriticalError: The required PHP extension "mysqli" is not loaded. Install and enable it to use "MySQLi" driver.
[Method: GET, Route: bodegas]
in SYSTEMPATH\Database\Database.php on line 182.
 1 SYSTEMPATH\Database\Database.php(59): CodeIgniter\Database\Database->checkDbExtension('MySQLi')
 2 SYSTEMPATH\Database\Config.php(82): CodeIgniter\Database\Database->load([...], 'default')
 3 SYSTEMPATH\Model.php(155): CodeIgniter\Database\Config::connect('default')
 4 APPPATH\Controllers\PaginasController.php(15): CodeIgniter\Model->__construct()
 5 SYSTEMPATH\CodeIgniter.php(933): App\Controllers\PaginasController->verPagina('bodegas')
 6 SYSTEMPATH\CodeIgniter.php(507): CodeIgniter\CodeIgniter->runController(Object(App\Controllers\PaginasController))
 7 SYSTEMPATH\CodeIgniter.php(354): CodeIgniter\CodeIgniter->handleRequest(null, Object(Config\Cache), false)
 8 SYSTEMPATH\Boot.php(334): CodeIgniter\CodeIgniter->run()
 9 SYSTEMPATH\Boot.php(67): CodeIgniter\Boot::runCodeIgniter(Object(CodeIgniter\CodeIgniter))
10 FCPATH\index.php(59): CodeIgniter\Boot::bootWeb(Object(Config\Paths))
CRITICAL - 2025-06-11 03:50:52 --> CodeIgniter\Exceptions\CriticalError: The required PHP extension "mysqli" is not loaded. Install and enable it to use "MySQLi" driver.
[Method: GET, Route: bodegas]
in SYSTEMPATH\Database\Database.php on line 182.
 1 SYSTEMPATH\Database\Database.php(59): CodeIgniter\Database\Database->checkDbExtension('MySQLi')
 2 SYSTEMPATH\Database\Config.php(82): CodeIgniter\Database\Database->load([...], 'default')
 3 SYSTEMPATH\Model.php(155): CodeIgniter\Database\Config::connect('default')
 4 APPPATH\Controllers\PaginasController.php(15): CodeIgniter\Model->__construct()
 5 SYSTEMPATH\CodeIgniter.php(933): App\Controllers\PaginasController->verPagina('bodegas')
 6 SYSTEMPATH\CodeIgniter.php(507): CodeIgniter\CodeIgniter->runController(Object(App\Controllers\PaginasController))
 7 SYSTEMPATH\CodeIgniter.php(354): CodeIgniter\CodeIgniter->handleRequest(null, Object(Config\Cache), false)
 8 SYSTEMPATH\Boot.php(334): CodeIgniter\CodeIgniter->run()
 9 SYSTEMPATH\Boot.php(67): CodeIgniter\Boot::runCodeIgniter(Object(CodeIgniter\CodeIgniter))
10 FCPATH\index.php(59): CodeIgniter\Boot::bootWeb(Object(Config\Paths))
CRITICAL - 2025-06-11 03:52:14 --> CodeIgniter\Exceptions\CriticalError: The required PHP extension "mysqli" is not loaded. Install and enable it to use "MySQLi" driver.
[Method: GET, Route: bodegas]
in SYSTEMPATH\Database\Database.php on line 182.
 1 SYSTEMPATH\Database\Database.php(59): CodeIgniter\Database\Database->checkDbExtension('MySQLi')
 2 SYSTEMPATH\Database\Config.php(82): CodeIgniter\Database\Database->load([...], 'default')
 3 SYSTEMPATH\Model.php(155): CodeIgniter\Database\Config::connect('default')
 4 APPPATH\Controllers\PaginasController.php(15): CodeIgniter\Model->__construct()
 5 SYSTEMPATH\CodeIgniter.php(933): App\Controllers\PaginasController->verPagina('bodegas')
 6 SYSTEMPATH\CodeIgniter.php(507): CodeIgniter\CodeIgniter->runController(Object(App\Controllers\PaginasController))
 7 SYSTEMPATH\CodeIgniter.php(354): CodeIgniter\CodeIgniter->handleRequest(null, Object(Config\Cache), false)
 8 SYSTEMPATH\Boot.php(334): CodeIgniter\CodeIgniter->run()
 9 SYSTEMPATH\Boot.php(67): CodeIgniter\Boot::runCodeIgniter(Object(CodeIgniter\CodeIgniter))
10 FCPATH\index.php(59): CodeIgniter\Boot::bootWeb(Object(Config\Paths))
CRITICAL - 2025-06-11 03:56:18 --> CodeIgniter\Exceptions\CriticalError: The required PHP extension "mysqli" is not loaded. Install and enable it to use "MySQLi" driver.
[Method: GET, Route: bodegas]
in SYSTEMPATH\Database\Database.php on line 182.
 1 SYSTEMPATH\Database\Database.php(59): CodeIgniter\Database\Database->checkDbExtension('MySQLi')
 2 SYSTEMPATH\Database\Config.php(82): CodeIgniter\Database\Database->load([...], 'default')
 3 SYSTEMPATH\Model.php(155): CodeIgniter\Database\Config::connect('default')
 4 APPPATH\Controllers\PaginasController.php(15): CodeIgniter\Model->__construct()
 5 SYSTEMPATH\CodeIgniter.php(933): App\Controllers\PaginasController->verPagina('bodegas')
 6 SYSTEMPATH\CodeIgniter.php(507): CodeIgniter\CodeIgniter->runController(Object(App\Controllers\PaginasController))
 7 SYSTEMPATH\CodeIgniter.php(354): CodeIgniter\CodeIgniter->handleRequest(null, Object(Config\Cache), false)
 8 SYSTEMPATH\Boot.php(334): CodeIgniter\CodeIgniter->run()
 9 SYSTEMPATH\Boot.php(67): CodeIgniter\Boot::runCodeIgniter(Object(CodeIgniter\CodeIgniter))
10 FCPATH\index.php(59): CodeIgniter\Boot::bootWeb(Object(Config\Paths))
CRITICAL - 2025-06-11 03:57:54 --> CodeIgniter\Exceptions\CriticalError: The required PHP extension "mysqli" is not loaded. Install and enable it to use "MySQLi" driver.
[Method: GET, Route: bodegas]
in SYSTEMPATH\Database\Database.php on line 182.
 1 SYSTEMPATH\Database\Database.php(59): CodeIgniter\Database\Database->checkDbExtension('MySQLi')
 2 SYSTEMPATH\Database\Config.php(82): CodeIgniter\Database\Database->load([...], 'default')
 3 SYSTEMPATH\Model.php(155): CodeIgniter\Database\Config::connect('default')
 4 APPPATH\Controllers\PaginasController.php(15): CodeIgniter\Model->__construct()
 5 SYSTEMPATH\CodeIgniter.php(933): App\Controllers\PaginasController->verPagina('bodegas')
 6 SYSTEMPATH\CodeIgniter.php(507): CodeIgniter\CodeIgniter->runController(Object(App\Controllers\PaginasController))
 7 SYSTEMPATH\CodeIgniter.php(354): CodeIgniter\CodeIgniter->handleRequest(null, Object(Config\Cache), false)
 8 SYSTEMPATH\Boot.php(334): CodeIgniter\CodeIgniter->run()
 9 SYSTEMPATH\Boot.php(67): CodeIgniter\Boot::runCodeIgniter(Object(CodeIgniter\CodeIgniter))
10 FCPATH\index.php(59): CodeIgniter\Boot::bootWeb(Object(Config\Paths))
CRITICAL - 2025-06-11 03:58:35 --> CodeIgniter\Exceptions\CriticalError: The required PHP extension "mysqli" is not loaded. Install and enable it to use "MySQLi" driver.
[Method: GET, Route: bodegas]
in SYSTEMPATH\Database\Database.php on line 182.
 1 SYSTEMPATH\Database\Database.php(59): CodeIgniter\Database\Database->checkDbExtension('MySQLi')
 2 SYSTEMPATH\Database\Config.php(82): CodeIgniter\Database\Database->load([...], 'default')
 3 SYSTEMPATH\Model.php(155): CodeIgniter\Database\Config::connect('default')
 4 APPPATH\Controllers\PaginasController.php(14): CodeIgniter\Model->__construct()
 5 SYSTEMPATH\CodeIgniter.php(933): App\Controllers\PaginasController->verPagina('bodegas')
 6 SYSTEMPATH\CodeIgniter.php(507): CodeIgniter\CodeIgniter->runController(Object(App\Controllers\PaginasController))
 7 SYSTEMPATH\CodeIgniter.php(354): CodeIgniter\CodeIgniter->handleRequest(null, Object(Config\Cache), false)
 8 SYSTEMPATH\Boot.php(334): CodeIgniter\CodeIgniter->run()
 9 SYSTEMPATH\Boot.php(67): CodeIgniter\Boot::runCodeIgniter(Object(CodeIgniter\CodeIgniter))
10 FCPATH\index.php(59): CodeIgniter\Boot::bootWeb(Object(Config\Paths))
CRITICAL - 2025-06-11 03:58:59 --> ErrorException: Undefined variable $paginaModel
[Method: GET, Route: bodegas]
in APPPATH\Controllers\PaginasController.php on line 14.
 1 APPPATH\Controllers\PaginasController.php(14): CodeIgniter\Debug\Exceptions->errorHandler(2, 'Undefined variable $paginaModel', 'C:\\Users\\Bastian Mardones\\Desktop\\codebsf\\app\\Controllers\\PaginasController.php', 14)
 2 SYSTEMPATH\CodeIgniter.php(933): App\Controllers\PaginasController->verPagina('bodegas')
 3 SYSTEMPATH\CodeIgniter.php(507): CodeIgniter\CodeIgniter->runController(Object(App\Controllers\PaginasController))
 4 SYSTEMPATH\CodeIgniter.php(354): CodeIgniter\CodeIgniter->handleRequest(null, Object(Config\Cache), false)
 5 SYSTEMPATH\Boot.php(334): CodeIgniter\CodeIgniter->run()
 6 SYSTEMPATH\Boot.php(67): CodeIgniter\Boot::runCodeIgniter(Object(CodeIgniter\CodeIgniter))
 7 FCPATH\index.php(59): CodeIgniter\Boot::bootWeb(Object(Config\Paths))
CRITICAL - 2025-06-11 03:59:01 --> ErrorException: Undefined variable $paginaModel
[Method: GET, Route: bodegas]
in APPPATH\Controllers\PaginasController.php on line 14.
 1 APPPATH\Controllers\PaginasController.php(14): CodeIgniter\Debug\Exceptions->errorHandler(2, 'Undefined variable $paginaModel', 'C:\\Users\\Bastian Mardones\\Desktop\\codebsf\\app\\Controllers\\PaginasController.php', 14)
 2 SYSTEMPATH\CodeIgniter.php(933): App\Controllers\PaginasController->verPagina('bodegas')
 3 SYSTEMPATH\CodeIgniter.php(507): CodeIgniter\CodeIgniter->runController(Object(App\Controllers\PaginasController))
 4 SYSTEMPATH\CodeIgniter.php(354): CodeIgniter\CodeIgniter->handleRequest(null, Object(Config\Cache), false)
 5 SYSTEMPATH\Boot.php(334): CodeIgniter\CodeIgniter->run()
 6 SYSTEMPATH\Boot.php(67): CodeIgniter\Boot::runCodeIgniter(Object(CodeIgniter\CodeIgniter))
 7 FCPATH\index.php(59): CodeIgniter\Boot::bootWeb(Object(Config\Paths))
CRITICAL - 2025-06-11 04:00:00 --> ErrorException: Undefined variable $paginaModel
[Method: GET, Route: bodegas]
in APPPATH\Controllers\PaginasController.php on line 14.
 1 APPPATH\Controllers\PaginasController.php(14): CodeIgniter\Debug\Exceptions->errorHandler(2, 'Undefined variable $paginaModel', 'C:\\Users\\Bastian Mardones\\Desktop\\codebsf\\app\\Controllers\\PaginasController.php', 14)
 2 SYSTEMPATH\CodeIgniter.php(933): App\Controllers\PaginasController->verPagina('bodegas')
 3 SYSTEMPATH\CodeIgniter.php(507): CodeIgniter\CodeIgniter->runController(Object(App\Controllers\PaginasController))
 4 SYSTEMPATH\CodeIgniter.php(354): CodeIgniter\CodeIgniter->handleRequest(null, Object(Config\Cache), false)
 5 SYSTEMPATH\Boot.php(334): CodeIgniter\CodeIgniter->run()
 6 SYSTEMPATH\Boot.php(67): CodeIgniter\Boot::runCodeIgniter(Object(CodeIgniter\CodeIgniter))
 7 FCPATH\index.php(59): CodeIgniter\Boot::bootWeb(Object(Config\Paths))
CRITICAL - 2025-06-11 04:00:51 --> CodeIgniter\Exceptions\CriticalError: The required PHP extension "mysqli" is not loaded. Install and enable it to use "MySQLi" driver.
[Method: GET, Route: bodegas]
in SYSTEMPATH\Database\Database.php on line 182.
 1 SYSTEMPATH\Database\Database.php(59): CodeIgniter\Database\Database->checkDbExtension('MySQLi')
 2 SYSTEMPATH\Database\Config.php(82): CodeIgniter\Database\Database->load([...], 'default')
 3 SYSTEMPATH\Model.php(155): CodeIgniter\Database\Config::connect('default')
 4 APPPATH\Controllers\PaginasController.php(14): CodeIgniter\Model->__construct()
 5 SYSTEMPATH\CodeIgniter.php(933): App\Controllers\PaginasController->verPagina('bodegas')
 6 SYSTEMPATH\CodeIgniter.php(507): CodeIgniter\CodeIgniter->runController(Object(App\Controllers\PaginasController))
 7 SYSTEMPATH\CodeIgniter.php(354): CodeIgniter\CodeIgniter->handleRequest(null, Object(Config\Cache), false)
 8 SYSTEMPATH\Boot.php(334): CodeIgniter\CodeIgniter->run()
 9 SYSTEMPATH\Boot.php(67): CodeIgniter\Boot::runCodeIgniter(Object(CodeIgniter\CodeIgniter))
10 FCPATH\index.php(59): CodeIgniter\Boot::bootWeb(Object(Config\Paths))
CRITICAL - 2025-06-11 04:03:03 --> Error: Class "App\Models\ComponenteModel" not found
[Method: GET, Route: bodegas]
in APPPATH\Controllers\PaginasController.php on line 17.
 1 SYSTEMPATH\CodeIgniter.php(933): App\Controllers\PaginasController->verPagina('bodegas')
 2 SYSTEMPATH\CodeIgniter.php(507): CodeIgniter\CodeIgniter->runController(Object(App\Controllers\PaginasController))
 3 SYSTEMPATH\CodeIgniter.php(354): CodeIgniter\CodeIgniter->handleRequest(null, Object(Config\Cache), false)
 4 SYSTEMPATH\Boot.php(334): CodeIgniter\CodeIgniter->run()
 5 SYSTEMPATH\Boot.php(67): CodeIgniter\Boot::runCodeIgniter(Object(CodeIgniter\CodeIgniter))
 6 FCPATH\index.php(59): CodeIgniter\Boot::bootWeb(Object(Config\Paths))
CRITICAL - 2025-06-11 04:04:43 --> ErrorException: include(C:\Users\Bastian Mardones\Desktop\codebsf\app\Views/componentes/banner.php): Failed to open stream: No such file or directory
[Method: GET, Route: bodegas]
in APPPATH\Views\layouts\paginas.php on line 13.
 1 APPPATH\Views\layouts\paginas.php(13): CodeIgniter\Debug\Exceptions->errorHandler(2, 'include(C:\\Users\\Bastian Mardones\\Desktop\\codebsf\\app\\Views/componentes/banner.php): Failed to open stream: No such file or directory', 'C:\\Users\\Bastian Mardones\\Desktop\\codebsf\\app\\Views\\layouts\\paginas.php', 13)
 2 APPPATH\Views\layouts\paginas.php(13): include()
 3 SYSTEMPATH\View\View.php(224): include('C:\\Users\\Bastian Mardones\\Desktop\\codebsf\\app\\Views\\layouts\\paginas.php')
 4 SYSTEMPATH\View\View.php(227): CodeIgniter\View\View->{closure:CodeIgniter\View\View::render():221}()
 5 SYSTEMPATH\Common.php(1173): CodeIgniter\View\View->render('layouts/paginas', [], true)
 6 APPPATH\Controllers\PaginasController.php(48): view('layouts/paginas', [...])
 7 SYSTEMPATH\CodeIgniter.php(933): App\Controllers\PaginasController->verPagina('bodegas')
 8 SYSTEMPATH\CodeIgniter.php(507): CodeIgniter\CodeIgniter->runController(Object(App\Controllers\PaginasController))
 9 SYSTEMPATH\CodeIgniter.php(354): CodeIgniter\CodeIgniter->handleRequest(null, Object(Config\Cache), false)
10 SYSTEMPATH\Boot.php(334): CodeIgniter\CodeIgniter->run()
11 SYSTEMPATH\Boot.php(67): CodeIgniter\Boot::runCodeIgniter(Object(CodeIgniter\CodeIgniter))
12 FCPATH\index.php(59): CodeIgniter\Boot::bootWeb(Object(Config\Paths))
CRITICAL - 2025-06-11 04:49:37 --> ErrorException: Undefined array key "tipo_card"
[Method: GET, Route: bodegas]
in APPPATH\Views\componentes\card.php on line 80.
 1 APPPATH\Views\componentes\card.php(80): CodeIgniter\Debug\Exceptions->errorHandler(2, 'Undefined array key "tipo_card"', 'C:\\Users\\Bastian Mardones\\Desktop\\codebsf\\app\\Views\\componentes\\card.php', 80)
 2 APPPATH\Views\layouts\paginas.php(12): include('C:\\Users\\Bastian Mardones\\Desktop\\codebsf\\app\\Views\\componentes\\card.php')
 3 SYSTEMPATH\View\View.php(224): include('C:\\Users\\Bastian Mardones\\Desktop\\codebsf\\app\\Views\\layouts\\paginas.php')
 4 SYSTEMPATH\View\View.php(227): CodeIgniter\View\View->{closure:CodeIgniter\View\View::render():221}()
 5 SYSTEMPATH\Common.php(1173): CodeIgniter\View\View->render('layouts/paginas', [], true)
 6 APPPATH\Controllers\PaginasController.php(48): view('layouts/paginas', [...])
 7 SYSTEMPATH\CodeIgniter.php(933): App\Controllers\PaginasController->verPagina('bodegas')
 8 SYSTEMPATH\CodeIgniter.php(507): CodeIgniter\CodeIgniter->runController(Object(App\Controllers\PaginasController))
 9 SYSTEMPATH\CodeIgniter.php(354): CodeIgniter\CodeIgniter->handleRequest(null, Object(Config\Cache), false)
10 SYSTEMPATH\Boot.php(334): CodeIgniter\CodeIgniter->run()
11 SYSTEMPATH\Boot.php(67): CodeIgniter\Boot::runCodeIgniter(Object(CodeIgniter\CodeIgniter))
12 FCPATH\index.php(59): CodeIgniter\Boot::bootWeb(Object(Config\Paths))
CRITICAL - 2025-06-11 04:50:15 --> ErrorException: Undefined array key "anio"
[Method: GET, Route: bodegas]
in APPPATH\Views\componentes\card.php on line 85.
 1 APPPATH\Views\componentes\card.php(85): CodeIgniter\Debug\Exceptions->errorHandler(2, 'Undefined array key "anio"', 'C:\\Users\\Bastian Mardones\\Desktop\\codebsf\\app\\Views\\componentes\\card.php', 85)
 2 APPPATH\Views\layouts\paginas.php(12): include('C:\\Users\\Bastian Mardones\\Desktop\\codebsf\\app\\Views\\componentes\\card.php')
 3 SYSTEMPATH\View\View.php(224): include('C:\\Users\\Bastian Mardones\\Desktop\\codebsf\\app\\Views\\layouts\\paginas.php')
 4 SYSTEMPATH\View\View.php(227): CodeIgniter\View\View->{closure:CodeIgniter\View\View::render():221}()
 5 SYSTEMPATH\Common.php(1173): CodeIgniter\View\View->render('layouts/paginas', [], true)
 6 APPPATH\Controllers\PaginasController.php(48): view('layouts/paginas', [...])
 7 SYSTEMPATH\CodeIgniter.php(933): App\Controllers\PaginasController->verPagina('bodegas')
 8 SYSTEMPATH\CodeIgniter.php(507): CodeIgniter\CodeIgniter->runController(Object(App\Controllers\PaginasController))
 9 SYSTEMPATH\CodeIgniter.php(354): CodeIgniter\CodeIgniter->handleRequest(null, Object(Config\Cache), false)
10 SYSTEMPATH\Boot.php(334): CodeIgniter\CodeIgniter->run()
11 SYSTEMPATH\Boot.php(67): CodeIgniter\Boot::runCodeIgniter(Object(CodeIgniter\CodeIgniter))
12 FCPATH\index.php(59): CodeIgniter\Boot::bootWeb(Object(Config\Paths))
